<?xml version="1.0" encoding="UTF-8"?>
<testsuite name="memory.MemoryFinderTest" tests="1" skipped="0" failures="0" errors="0" timestamp="2023-06-30T01:23:36" hostname="DESKTOP-UB2O4RN" time="0.201">
  <properties/>
  <testcase name="get()" classname="memory.MemoryFinderTest" time="0.201"/>
  <system-out><![CDATA[]]></system-out>
  <system-err><![CDATA[]]></system-err>
</testsuite>
